<?xml version="1.0" encoding="UTF-8"?>
<testng-results skipped="0" failed="0" ignored="0" total="2" passed="2">
  <reporter-output>
  </reporter-output>
  <suite name="Default suite" duration-ms="70260" started-at="2023-01-20T10:46:59 IST" finished-at="2023-01-20T10:48:10 IST">
    <groups>
    </groups>
    <test name="Default test" duration-ms="70260" started-at="2023-01-20T10:46:59 IST" finished-at="2023-01-20T10:48:10 IST">
      <class name="com.maven.Project_2_Cowin.Cowin_TestNG_Script">
        <test-method status="PASS" signature="browserLaunch()[pri:0, instance:com.maven.Project_2_Cowin.Cowin_TestNG_Script@154b04f]" name="browserLaunch" is-config="true" duration-ms="45773" started-at="2023-01-20T10:46:59 IST" finished-at="2023-01-20T10:47:45 IST">
          <reporter-output>
          </reporter-output>
        </test-method> <!-- browserLaunch -->
        <test-method status="PASS" signature="launchURL_Snap()[pri:0, instance:com.maven.Project_2_Cowin.Cowin_TestNG_Script@154b04f]" name="launchURL_Snap" is-config="true" duration-ms="5168" started-at="2023-01-20T10:47:45 IST" finished-at="2023-01-20T10:47:50 IST">
          <reporter-output>
          </reporter-output>
        </test-method> <!-- launchURL_Snap -->
        <test-method status="PASS" signature="Search()[pri:1, instance:com.maven.Project_2_Cowin.Cowin_TestNG_Script@154b04f]" name="Search" duration-ms="12470" started-at="2023-01-20T10:47:50 IST" finished-at="2023-01-20T10:48:03 IST">
          <reporter-output>
          </reporter-output>
        </test-method> <!-- Search -->
        <test-method status="PASS" signature="Select_Options()[pri:2, instance:com.maven.Project_2_Cowin.Cowin_TestNG_Script@154b04f]" name="Select_Options" duration-ms="6309" started-at="2023-01-20T10:48:03 IST" finished-at="2023-01-20T10:48:09 IST">
          <reporter-output>
          </reporter-output>
        </test-method> <!-- Select_Options -->
        <test-method status="FAIL" signature="Take_Snap()[pri:0, instance:com.maven.Project_2_Cowin.Cowin_TestNG_Script@154b04f]" name="Take_Snap" is-config="true" duration-ms="507" started-at="2023-01-20T10:48:09 IST" finished-at="2023-01-20T10:48:10 IST">
          <exception class="java.io.FileNotFoundException">
            <message>
              <![CDATA[C:\Users\JESUS\eclipse-workspace\Second_Section\Cowin_OP\Hospital_Details.png (The system cannot find the path specified)]]>
            </message>
            <full-stacktrace>
              <![CDATA[java.io.FileNotFoundException: C:\Users\JESUS\eclipse-workspace\Second_Section\Cowin_OP\Hospital_Details.png (The system cannot find the path specified)
at java.io.FileOutputStream.open0(Native Method)
at java.io.FileOutputStream.open(FileOutputStream.java:270)
at java.io.FileOutputStream.<init>(FileOutputStream.java:213)
at java.io.FileOutputStream.<init>(FileOutputStream.java:162)
at org.openqa.selenium.io.FileHandler.copyFile(FileHandler.java:136)
at org.openqa.selenium.io.FileHandler.copy(FileHandler.java:115)
at com.maven.Project_2_Cowin.Cowin_TestNG_Script.Take_Snap(Cowin_TestNG_Script.java:85)
at sun.reflect.NativeMethodAccessorImpl.invoke0(Native Method)
at sun.reflect.NativeMethodAccessorImpl.invoke(NativeMethodAccessorImpl.java:62)
at sun.reflect.DelegatingMethodAccessorImpl.invoke(DelegatingMethodAccessorImpl.java:43)
at java.lang.reflect.Method.invoke(Method.java:498)
at org.testng.internal.MethodInvocationHelper.invokeMethod(MethodInvocationHelper.java:133)
at org.testng.internal.MethodInvocationHelper.invokeMethodConsideringTimeout(MethodInvocationHelper.java:62)
at org.testng.internal.ConfigInvoker.invokeConfigurationMethod(ConfigInvoker.java:385)
at org.testng.internal.ConfigInvoker.invokeConfigurations(ConfigInvoker.java:321)
at org.testng.TestRunner.invokeTestConfigurations(TestRunner.java:637)
at org.testng.TestRunner.afterRun(TestRunner.java:877)
at org.testng.TestRunner.run(TestRunner.java:599)
at org.testng.SuiteRunner.runTest(SuiteRunner.java:377)
at org.testng.SuiteRunner.runSequentially(SuiteRunner.java:371)
at org.testng.SuiteRunner.privateRun(SuiteRunner.java:332)
at org.testng.SuiteRunner.run(SuiteRunner.java:276)
at org.testng.SuiteRunnerWorker.runSuite(SuiteRunnerWorker.java:53)
at org.testng.SuiteRunnerWorker.run(SuiteRunnerWorker.java:96)
at org.testng.TestNG.runSuitesSequentially(TestNG.java:1212)
at org.testng.TestNG.runSuitesLocally(TestNG.java:1134)
at org.testng.TestNG.runSuites(TestNG.java:1063)
at org.testng.TestNG.run(TestNG.java:1031)
at org.testng.remote.AbstractRemoteTestNG.run(AbstractRemoteTestNG.java:115)
at org.testng.remote.RemoteTestNG.initAndRun(RemoteTestNG.java:251)
at org.testng.remote.RemoteTestNG.main(RemoteTestNG.java:77)
]]>
            </full-stacktrace>
          </exception> <!-- java.io.FileNotFoundException -->
          <reporter-output>
          </reporter-output>
        </test-method> <!-- Take_Snap -->
      </class> <!-- com.maven.Project_2_Cowin.Cowin_TestNG_Script -->
    </test> <!-- Default test -->
  </suite> <!-- Default suite -->
</testng-results>
