<?xml version="1.0" encoding="UTF-8"?>
<testng-results skipped="0" failed="0" ignored="1" total="3" passed="2">
  <reporter-output>
  </reporter-output>
  <suite name="Default suite" duration-ms="13156" started-at="2023-01-20T11:47:31 IST" finished-at="2023-01-20T11:47:44 IST">
    <groups>
    </groups>
    <test name="Default test" duration-ms="13156" started-at="2023-01-20T11:47:31 IST" finished-at="2023-01-20T11:47:44 IST">
      <class name="com.maven.Maven.Amazon_TestNG_Script">
        <test-method status="PASS" signature="browserLaunch()[pri:0, instance:com.maven.Maven.Amazon_TestNG_Script@10726a3]" name="browserLaunch" is-config="true" duration-ms="1953" started-at="2023-01-20T11:47:31 IST" finished-at="2023-01-20T11:47:33 IST">
          <reporter-output>
          </reporter-output>
        </test-method> <!-- browserLaunch -->
        <test-method status="PASS" signature="launchURL()[pri:0, instance:com.maven.Maven.Amazon_TestNG_Script@10726a3]" name="launchURL" is-config="true" duration-ms="1349" started-at="2023-01-20T11:47:33 IST" finished-at="2023-01-20T11:47:34 IST">
          <reporter-output>
          </reporter-output>
        </test-method> <!-- launchURL -->
        <test-method status="PASS" signature="UserInput()[pri:0, instance:com.maven.Maven.Amazon_TestNG_Script@10726a3]" name="UserInput" duration-ms="2202" started-at="2023-01-20T11:47:34 IST" finished-at="2023-01-20T11:47:36 IST">
          <reporter-output>
          </reporter-output>
        </test-method> <!-- UserInput -->
        <test-method status="PASS" signature="UserClickProduct()[pri:0, instance:com.maven.Maven.Amazon_TestNG_Script@10726a3]" name="UserClickProduct" duration-ms="7438" started-at="2023-01-20T11:47:36 IST" depends-on-methods="com.maven.Maven.Amazon_TestNG_Script.UserInput" finished-at="2023-01-20T11:47:44 IST">
          <reporter-output>
          </reporter-output>
        </test-method> <!-- UserClickProduct -->
        <test-method status="PASS" signature="BrowserClose()[pri:0, instance:com.maven.Maven.Amazon_TestNG_Script@10726a3]" name="BrowserClose" is-config="true" duration-ms="179" started-at="2023-01-20T11:47:44 IST" finished-at="2023-01-20T11:47:44 IST">
          <reporter-output>
          </reporter-output>
        </test-method> <!-- BrowserClose -->
      </class> <!-- com.maven.Maven.Amazon_TestNG_Script -->
    </test> <!-- Default test -->
  </suite> <!-- Default suite -->
</testng-results>
