<?xml version="1.0" encoding="UTF-8"?>
<testng-results skipped="0" failed="0" ignored="1" total="3" passed="2">
  <reporter-output>
  </reporter-output>
  <suite name="Default suite" duration-ms="11164" started-at="2023-01-20T11:43:37 IST" finished-at="2023-01-20T11:43:48 IST">
    <groups>
    </groups>
    <test name="Default test" duration-ms="11164" started-at="2023-01-20T11:43:37 IST" finished-at="2023-01-20T11:43:48 IST">
      <class name="com.testNg.Amazon">
        <test-method status="PASS" signature="browserLaunch()[pri:0, instance:com.testNg.Amazon@1ed828d]" name="browserLaunch" is-config="true" duration-ms="2232" started-at="2023-01-20T11:43:37 IST" finished-at="2023-01-20T11:43:39 IST">
          <reporter-output>
          </reporter-output>
        </test-method> <!-- browserLaunch -->
        <test-method status="PASS" signature="launchURL()[pri:0, instance:com.testNg.Amazon@1ed828d]" name="launchURL" is-config="true" duration-ms="1415" started-at="2023-01-20T11:43:39 IST" finished-at="2023-01-20T11:43:40 IST">
          <reporter-output>
          </reporter-output>
        </test-method> <!-- launchURL -->
        <test-method status="PASS" signature="UserInput()[pri:0, instance:com.testNg.Amazon@1ed828d]" name="UserInput" duration-ms="2223" started-at="2023-01-20T11:43:40 IST" finished-at="2023-01-20T11:43:43 IST">
          <reporter-output>
          </reporter-output>
        </test-method> <!-- UserInput -->
        <test-method status="PASS" signature="UserClickProduct()[pri:0, instance:com.testNg.Amazon@1ed828d]" name="UserClickProduct" duration-ms="5061" started-at="2023-01-20T11:43:43 IST" depends-on-methods="com.testNg.Amazon.UserInput" finished-at="2023-01-20T11:43:48 IST">
          <reporter-output>
          </reporter-output>
        </test-method> <!-- UserClickProduct -->
        <test-method status="PASS" signature="BrowserClose()[pri:0, instance:com.testNg.Amazon@1ed828d]" name="BrowserClose" is-config="true" duration-ms="197" started-at="2023-01-20T11:43:48 IST" finished-at="2023-01-20T11:43:48 IST">
          <reporter-output>
          </reporter-output>
        </test-method> <!-- BrowserClose -->
      </class> <!-- com.testNg.Amazon -->
    </test> <!-- Default test -->
  </suite> <!-- Default suite -->
</testng-results>
