<?xml version="1.0" encoding="UTF-8"?>
<!-- Generated by org.testng.reporters.JUnitXMLReporter -->
<testsuite hostname="AmudhavanVRa" ignored="1" name="Default test" tests="2" failures="0" timestamp="2023-01-20T11:47:44 IST" time="13.156" errors="0">
  <testcase name="UserInput" time="2.202" classname="com.maven.Maven.Amazon_TestNG_Script"/>
  <testcase name="UserClickProduct" time="7.438" classname="com.maven.Maven.Amazon_TestNG_Script"/>
  <testcase name="dropDown" time="0.0" classname="com.maven.Maven.Amazon_TestNG_Script">
    <ignored/>
  </testcase> <!-- dropDown -->
</testsuite> <!-- Default test -->
