<?xml version="1.0" encoding="UTF-8"?>
<!-- Generated by org.testng.reporters.JUnitXMLReporter -->
<testsuite hostname="AmudhavanVRa" ignored="1" name="Default test" tests="2" failures="0" timestamp="2023-01-20T11:43:48 IST" time="11.164" errors="0">
  <testcase name="UserInput" time="2.223" classname="com.testNg.Amazon"/>
  <testcase name="UserClickProduct" time="5.061" classname="com.testNg.Amazon"/>
  <testcase name="dropDown" time="0.0" classname="com.testNg.Amazon">
    <ignored/>
  </testcase> <!-- dropDown -->
</testsuite> <!-- Default test -->
